<?xml version="1.0" encoding="UTF-8"?>
<!-- Generated by org.testng.reporters.JUnitReportReporter -->
<testsuite skipped="0" hostname="DESKTOP-TFUO68M" name="com.training.sanity.tests.ClickForgottenPwd" tests="1" failures="0" timestamp="2020-08-25T07:08:17 IST" time="198.202" errors="0">
  <testcase name="getForgottenPwd" time="198.202" classname="com.training.sanity.tests.ClickForgottenPwd"/>
  <system-out/>
</testsuite> <!-- com.training.sanity.tests.ClickForgottenPwd -->
