<?xml version="1.0" encoding="UTF-8"?>
<!-- Generated by org.testng.reporters.JUnitReportReporter -->
<testsuite skipped="0" hostname="DESKTOP-TFUO68M" name="com.training.sanity.tests.AddProdDetailIntoCart" tests="1" failures="0" timestamp="2020-08-25T08:31:01 IST" time="24.701" errors="0">
  <testcase name="AddProdDetail" time="24.701" classname="com.training.sanity.tests.AddProdDetailIntoCart"/>
  <system-out/>
</testsuite> <!-- com.training.sanity.tests.AddProdDetailIntoCart -->
