<?xml version="1.0" encoding="UTF-8"?>
<!-- Generated by org.testng.reporters.JUnitReportReporter -->
<testsuite skipped="0" hostname="DESKTOP-TFUO68M" name="com.training.sanity.tests.RemoveAddedItemsFromCart" tests="1" failures="0" timestamp="2020-08-25T11:37:25 IST" time="26.154" errors="0">
  <testcase name="AddProdDetail" time="26.154" classname="com.training.sanity.tests.RemoveAddedItemsFromCart"/>
  <system-out/>
</testsuite> <!-- com.training.sanity.tests.RemoveAddedItemsFromCart -->
