<?xml version="1.0" encoding="UTF-8"?>
<!-- Generated by org.testng.reporters.JUnitReportReporter -->
<testsuite skipped="0" hostname="DESKTOP-TFUO68M" name="com.training.sanity.tests.LoginTests" tests="1" failures="0" timestamp="2020-08-20T09:01:39 IST" time="20.926" errors="0">
  <testcase name="clickLogin" time="20.926" classname="com.training.sanity.tests.LoginTests"/>
  <system-out/>
</testsuite> <!-- com.training.sanity.tests.LoginTests -->
